2018-04-04T05:58:57.671Z - info: User function triggered, starting execution
2018-04-04T05:58:57.682Z - info: Execution took 10 ms, user function completed successfully
2018-04-04T05:59:13.950Z - info: User function triggered, starting execution
2018-04-04T05:59:14.711Z - info: Execution took 761 ms, user function completed successfully
2018-04-04T05:59:32.942Z - info: User function triggered, starting execution
2018-04-04T05:59:32.949Z - info: Execution took 7 ms, user function completed successfully
2018-04-04T06:00:42.248Z - info: Worker for api closed due to file changes.
2018-04-04T06:01:41.742Z - info: User function triggered, starting execution
2018-04-04T06:01:42.394Z - info: Execution took 652 ms, user function completed successfully
2018-04-04T06:02:30.247Z - info: Worker for api closed due to file changes.
2018-04-04T06:02:45.972Z - info: User function triggered, starting execution
2018-04-04T06:02:46.611Z - info: Execution took 639 ms, user function completed successfully
2018-04-04T06:02:57.691Z - info: User function triggered, starting execution
2018-04-04T06:02:57.755Z - info: Execution took 63 ms, user function completed successfully
2018-04-04T06:03:29.673Z - info: Worker for api closed due to file changes.
2018-04-04T06:03:46.310Z - info: User function triggered, starting execution
2018-04-04T06:03:47.034Z - info: Execution took 724 ms, user function completed successfully
2018-04-04T06:04:38.164Z - info: Worker for api closed due to file changes.
2018-04-04T06:11:00.852Z - info: User function triggered, starting execution
2018-04-04T06:11:02.240Z - info: Execution took 1392 ms, user function completed successfully
2018-04-04T06:11:36.474Z - info: Worker for api closed due to file changes.
2018-04-04T06:14:22.258Z - info: User function triggered, starting execution
2018-04-04T06:14:23.033Z - info: Execution took 777 ms, user function completed successfully
2018-04-04T06:14:24.725Z - info: User function triggered, starting execution
2018-04-04T06:14:24.787Z - info: Execution took 63 ms, user function completed successfully
2018-04-04T06:14:44.297Z - info: User function triggered, starting execution
2018-04-04T06:14:44.363Z - info: Execution took 65 ms, user function completed successfully
2018-04-04T06:14:50.403Z - info: User function triggered, starting execution
2018-04-04T06:14:50.465Z - info: Execution took 62 ms, user function completed successfully
2018-04-04T06:15:09.208Z - info: User function triggered, starting execution
2018-04-04T06:15:09.270Z - info: Execution took 62 ms, user function completed successfully
2018-04-04T06:15:26.919Z - info: User function triggered, starting execution
2018-04-04T06:15:26.982Z - info: Execution took 62 ms, user function completed successfully
2018-04-04T06:15:27.675Z - info: User function triggered, starting execution
2018-04-04T06:15:27.732Z - info: Execution took 57 ms, user function completed successfully
2018-04-04T06:15:28.016Z - info: User function triggered, starting execution
2018-04-04T06:15:28.076Z - info: Execution took 59 ms, user function completed successfully
2018-04-04T06:15:28.342Z - info: User function triggered, starting execution
2018-04-04T06:15:28.400Z - info: Execution took 59 ms, user function completed successfully
2018-04-04T06:15:40.280Z - info: Worker for api closed due to file changes.
2018-04-04T06:17:28.855Z - info: User function triggered, starting execution
2018-04-04T06:17:29.860Z - info: Execution took 1007 ms, user function completed successfully
2018-04-04T06:17:36.071Z - info: User function triggered, starting execution
2018-04-04T06:17:36.136Z - info: Execution took 64 ms, user function completed successfully
2018-04-04T06:17:38.595Z - info: User function triggered, starting execution
2018-04-04T06:17:38.658Z - info: Execution took 62 ms, user function completed successfully
2018-04-04T06:17:45.695Z - info: Worker for api closed due to file changes.
2018-04-04T06:18:32.137Z - info: User function triggered, starting execution
2018-04-04T06:18:32.913Z - info: Execution took 776 ms, user function completed successfully
2018-04-04T06:18:38.509Z - info: Worker for api closed due to file changes.
2018-04-04T06:19:22.832Z - info: User function triggered, starting execution
2018-04-04T06:19:23.496Z - info: Execution took 665 ms, user function completed successfully
2018-04-04T06:19:32.684Z - info: User function triggered, starting execution
2018-04-04T06:19:32.748Z - info: Execution took 64 ms, user function completed successfully
2018-04-04T06:19:44.087Z - info: User function triggered, starting execution
2018-04-04T06:19:44.091Z - info: Execution took 4 ms, user function completed successfully
2018-04-04T06:19:45.796Z - info: User function triggered, starting execution
2018-04-04T06:19:45.859Z - info: Execution took 62 ms, user function completed successfully
2018-04-04T06:20:49.902Z - info: User function triggered, starting execution
2018-04-04T06:20:50.552Z - info: Execution took 651 ms, user function completed successfully
2018-04-04T06:22:55.737Z - info: User function triggered, starting execution
2018-04-04T06:22:56.461Z - info: Execution took 724 ms, user function completed successfully
2018-04-04T06:23:13.295Z - info: Worker for api closed due to file changes.
2018-04-04T06:23:58.925Z - info: User function triggered, starting execution
2018-04-04T06:23:59.592Z - info: Execution took 667 ms, user function completed successfully
2018-04-04T06:24:03.360Z - info: User function triggered, starting execution
2018-04-04T06:24:03.424Z - info: Execution took 62 ms, user function completed successfully
2018-04-04T06:24:06.968Z - info: User function triggered, starting execution
2018-04-04T06:24:07.033Z - info: Execution took 65 ms, user function completed successfully
2018-04-04T06:24:10.119Z - info: User function triggered, starting execution
2018-04-04T06:24:10.180Z - info: Execution took 60 ms, user function completed successfully
2018-04-04T06:24:15.307Z - info: Worker for api closed due to file changes.
2018-04-04T06:24:25.242Z - info: User function triggered, starting execution
2018-04-04T06:24:25.920Z - info: Execution took 680 ms, user function completed successfully
2018-04-04T06:24:26.807Z - info: User function triggered, starting execution
2018-04-04T06:24:26.865Z - info: Execution took 57 ms, user function completed successfully
2018-04-04T06:24:31.285Z - info: User function triggered, starting execution
2018-04-04T06:24:31.350Z - info: Execution took 64 ms, user function completed successfully
2018-04-04T06:24:37.884Z - info: Worker for api closed due to file changes.
2018-04-04T06:26:51.962Z - info: User function triggered, starting execution
2018-04-04T06:26:52.089Z - info: Execution took 127 ms, user function completed successfully
2018-04-04T06:26:52.090Z - error: Error: Reference.push failed: first argument contains undefined in property 'tracks.title'
    at Object.exports.validateFirebaseData (/Users/user/Documents/sendd-it/server/functions/node_modules/@firebase/database/dist/cjs/src/core/util/validation.js:103:15)
    at /Users/user/Documents/sendd-it/server/functions/node_modules/@firebase/database/dist/cjs/src/core/util/validation.js:149:21
    at Object.exports.forEach (/Users/user/Documents/sendd-it/server/functions/node_modules/@firebase/util/dist/cjs/src/obj.js:37:13)
    at Object.exports.validateFirebaseData (/Users/user/Documents/sendd-it/server/functions/node_modules/@firebase/database/dist/cjs/src/core/util/validation.js:132:16)
    at Object.exports.validateFirebaseDataArg (/Users/user/Documents/sendd-it/server/functions/node_modules/@firebase/database/dist/cjs/src/core/util/validation.js:91:13)
    at Reference.push (/Users/user/Documents/sendd-it/server/functions/node_modules/@firebase/database/dist/cjs/src/api/Reference.js:227:22)
    at app.post (/Users/user/Documents/sendd-it/server/functions/index.js:15:46)
    at Layer.handle [as handle_request] (/Users/user/Documents/sendd-it/server/functions/node_modules/express/lib/router/layer.js:95:5)
    at next (/Users/user/Documents/sendd-it/server/functions/node_modules/express/lib/router/route.js:137:13)
    at Route.dispatch (/Users/user/Documents/sendd-it/server/functions/node_modules/express/lib/router/route.js:112:3)
2018-04-04T06:27:04.877Z - info: User function triggered, starting execution
2018-04-04T06:27:04.888Z - info: Execution took 10 ms, user function completed successfully
2018-04-04T06:27:15.438Z - info: User function triggered, starting execution
2018-04-04T06:27:15.509Z - info: Execution took 70 ms, user function completed successfully
2018-04-04T06:27:21.370Z - info: User function triggered, starting execution
2018-04-04T06:27:21.433Z - info: Execution took 62 ms, user function completed successfully
2018-04-04T06:27:30.375Z - info: User function triggered, starting execution
2018-04-04T06:27:30.438Z - info: Execution took 62 ms, user function completed successfully
2018-04-04T06:27:42.343Z - info: User function triggered, starting execution
2018-04-04T06:27:42.405Z - info: Execution took 61 ms, user function completed successfully
2018-04-04T06:27:46.680Z - info: User function triggered, starting execution
2018-04-04T06:27:46.743Z - info: Execution took 62 ms, user function completed successfully
2018-04-04T06:27:47.393Z - info: User function triggered, starting execution
2018-04-04T06:27:47.452Z - info: Execution took 60 ms, user function completed successfully
2018-04-04T06:27:48.147Z - info: User function triggered, starting execution
2018-04-04T06:27:48.205Z - info: Execution took 57 ms, user function completed successfully
2018-04-04T06:27:48.837Z - info: User function triggered, starting execution
2018-04-04T06:27:48.896Z - info: Execution took 59 ms, user function completed successfully
2018-04-04T06:27:49.741Z - info: User function triggered, starting execution
2018-04-04T06:27:49.799Z - info: Execution took 57 ms, user function completed successfully
2018-04-04T06:27:50.461Z - info: User function triggered, starting execution
2018-04-04T06:27:50.519Z - info: Execution took 57 ms, user function completed successfully
2018-04-04T06:27:55.555Z - info: User function triggered, starting execution
2018-04-04T06:27:55.617Z - info: Execution took 61 ms, user function completed successfully
2018-04-04T06:28:36.987Z - info: Worker for api closed due to file changes.
2018-04-04T06:28:37.007Z - error: Function worker killed by signal: SIGTERM
2018-04-04T06:29:59.788Z - info: User function triggered, starting execution
2018-04-04T06:30:00.640Z - info: Execution took 853 ms, user function completed successfully
2018-04-04T06:30:10.815Z - info: User function triggered, starting execution
2018-04-04T06:30:10.887Z - info: Execution took 70 ms, user function completed successfully
2018-04-04T06:30:21.383Z - info: User function triggered, starting execution
2018-04-04T06:30:21.489Z - info: Execution took 105 ms, user function completed successfully
2018-04-04T06:30:38.776Z - info: Worker for api closed due to file changes.
2018-04-04T06:31:06.683Z - info: User function triggered, starting execution
2018-04-04T06:31:07.463Z - info: Execution took 780 ms, user function completed successfully
